<?xml version="1.0" encoding="UTF-8"?>
<testsuites name="Mocha Tests" time="169.1660" tests="1" failures="1">
  <testsuite name="Root Suite" timestamp="2025-09-04T02:55:52" tests="0" file="tests/cypress/tests/e2e/policy_namespace_labelselector_ui.cy.js" time="0.0000" failures="0">
  </testsuite>
  <testsuite name="GRC: UI: GRC Policy namespace selection should support labels " timestamp="2025-09-04T02:55:52" tests="1" time="169.1400" failures="1">
    <testcase name="GRC: UI: GRC Policy namespace selection should support labels  RHACM4K-14942: GRC: Test Policy namespace label selector from UI" time="0.0000" classname="RHACM4K-14942: GRC: Test Policy namespace label selector from UI">
      <failure message="Timed out retrying" type="Error"><![CDATA[Error: Timed out retrying
    at Context.check (webpack://acmqe-grc-test/./node_modules/cypress-wait-until/src/index.js:62:0)
    at getRet (https://console-openshift-console.apps.qe1-vmware-ibm.dev09.red-chesterfield.com/__cypress/runner/cypress_runner.js:118349:20)
    at tryCatcher (https://console-openshift-console.apps.qe1-vmware-ibm.dev09.red-chesterfield.com/__cypress/runner/cypress_runner.js:1777:23)
    at Promise.attempt.Promise.try (https://console-openshift-console.apps.qe1-vmware-ibm.dev09.red-chesterfield.com/__cypress/runner/cypress_runner.js:4285:29)
    at Context.thenFn (https://console-openshift-console.apps.qe1-vmware-ibm.dev09.red-chesterfield.com/__cypress/runner/cypress_runner.js:118360:66)
    at Context.then (https://console-openshift-console.apps.qe1-vmware-ibm.dev09.red-chesterfield.com/__cypress/runner/cypress_runner.js:118611:21)
    at wrapped (https://console-openshift-console.apps.qe1-vmware-ibm.dev09.red-chesterfield.com/__cypress/runner/cypress_runner.js:138862:19)
    at <unknown> (https://console-openshift-console.apps.qe1-vmware-ibm.dev09.red-chesterfield.com/__cypress/runner/cypress_runner.js:144789:15)
    at tryCatcher (https://console-openshift-console.apps.qe1-vmware-ibm.dev09.red-chesterfield.com/__cypress/runner/cypress_runner.js:1777:23)]]></failure>
    </testcase>
  </testsuite>
</testsuites>