<?xml version="1.0" encoding="UTF-8"?>
<testsuites name="Mocha Tests" time="92.2640" tests="1" failures="0">
  <testsuite name="Root Suite" timestamp="2025-09-04T02:47:57" tests="0" file="tests/cypress/tests/e2e/policy_generator_acm_hardening_policy_set.cy.js" time="0.0000" failures="0">
  </testsuite>
  <testsuite name="Policy Generator tests for the Policy-Collection" timestamp="2025-09-04T02:47:57" tests="1" time="92.2370" failures="0">
    <testcase name="Policy Generator tests for the Policy-Collection RHACM4K-31978: GRC: Test Policy Generator support to deploy Policy Set Sample from Git" time="91.9300" classname="RHACM4K-31978: GRC: Test Policy Generator support to deploy Policy Set Sample from Git">
    </testcase>
  </testsuite>
</testsuites>