<?xml version="1.0" encoding="UTF-8"?>
<testsuites name="Mocha Tests" time="280.0000" tests="1" failures="0">
  <testsuite name="Root Suite" timestamp="2025-09-04T01:57:06" tests="0" file="tests/cypress/tests/e2e/CertPolicy_governance_1205.cy.js" time="0.0000" failures="0">
  </testsuite>
  <testsuite name="RHACM4K-1205: GRC: Test certificate policy governance with enhanced certificate checks for issuers and SAN pattern on a managed cluster " timestamp="2025-09-04T01:57:06" tests="1" time="279.9780" failures="0">
    <testcase name="RHACM4K-1205: GRC: Test certificate policy governance with enhanced certificate checks for issuers and SAN pattern on a managed cluster  RHACM4K-1205: GRC: Test certificate policy governance with enhanced certificate checks for issuers and SAN pattern on a managed cluster" time="278.4280" classname="RHACM4K-1205: GRC: Test certificate policy governance with enhanced certificate checks for issuers and SAN pattern on a managed cluster">
    </testcase>
  </testsuite>
</testsuites>