<?xml version="1.0" encoding="UTF-8"?>
<testsuites name="Mocha Tests" time="1.1880" tests="1" failures="0">
  <testsuite name="Root Suite" timestamp="2025-09-04T02:14:14" tests="0" file="tests/cypress/tests/e2e/check_addon.cy.js" time="0.0000" failures="0">
  </testsuite>
  <testsuite name="RHACM4K-10788: GRC: Check the policy addon status in managed clusters" timestamp="2025-09-04T02:14:14" tests="1" time="1.1660" failures="0">
    <testcase name="RHACM4K-10788: GRC: Check the policy addon status in managed clusters Check the policy addon status in managed clusters" time="1.1020" classname="Check the policy addon status in managed clusters">
    </testcase>
  </testsuite>
</testsuites>